<?xml version="1.0" encoding="UTF-8"?>
<testng-results skipped="0" failed="1" total="1" passed="0">
  <reporter-output>
  </reporter-output>
  <suite name="Default suite" duration-ms="33024" started-at="2016-08-13T12:37:42Z" finished-at="2016-08-13T12:38:15Z">
    <groups>
    </groups>
    <test name="Default test" duration-ms="33024" started-at="2016-08-13T12:37:42Z" finished-at="2016-08-13T12:38:15Z">
      <class name="qsp.Jen">
        <test-method status="FAIL" signature="login()[pri:0, instance:qsp.Jen@2a2d45ba]" name="login" duration-ms="32961" started-at="2016-08-13T18:07:42Z" finished-at="2016-08-13T18:08:15Z">
          <exception class="org.openqa.selenium.WebDriverException">
            <message>
              <![CDATA[Failed to decode response from marionette (WARNING: The server did not provide any stacktrace information)
Command duration or timeout: 25.59 seconds
Build info: version: '3.0.0-beta1', revision: '8e4315c', time: '2016-07-28 18:04:05 -0700'
System info: host: 'CBT-004', ip: '10.10.4.96', os.name: 'Windows 8.1', os.arch: 'amd64', os.version: '6.3', java.version: '1.8.0_73'
Driver info: org.openqa.selenium.firefox.FirefoxDriver
Capabilities [{rotatable=false, raisesAccessibilityExceptions=false, appBuildId=20160502172042, version=, platform=XP, proxy={}, specificationLevel=1, acceptSslCerts=false, browserVersion=46.0.1, platformVersion=6.3, XULappId={ec8030f7-c20a-464f-9b0e-13a3a9e97384}, browserName=Firefox, takesScreenshot=true, takesElementScreenshot=true, platformName=Windows_NT, device=desktop}]
Session ID: 7b5d7390-223e-4180-9cc9-befb55a9334a]]>
            </message>
            <full-stacktrace>
              <![CDATA[org.openqa.selenium.WebDriverException: Failed to decode response from marionette (WARNING: The server did not provide any stacktrace information)
Command duration or timeout: 25.59 seconds
Build info: version: '3.0.0-beta1', revision: '8e4315c', time: '2016-07-28 18:04:05 -0700'
System info: host: 'CBT-004', ip: '10.10.4.96', os.name: 'Windows 8.1', os.arch: 'amd64', os.version: '6.3', java.version: '1.8.0_73'
Driver info: org.openqa.selenium.firefox.FirefoxDriver
Capabilities [{rotatable=false, raisesAccessibilityExceptions=false, appBuildId=20160502172042, version=, platform=XP, proxy={}, specificationLevel=1, acceptSslCerts=false, browserVersion=46.0.1, platformVersion=6.3, XULappId={ec8030f7-c20a-464f-9b0e-13a3a9e97384}, browserName=Firefox, takesScreenshot=true, takesElementScreenshot=true, platformName=Windows_NT, device=desktop}]
Session ID: 7b5d7390-223e-4180-9cc9-befb55a9334a
	at sun.reflect.NativeConstructorAccessorImpl.newInstance0(Native Method)
	at sun.reflect.NativeConstructorAccessorImpl.newInstance(NativeConstructorAccessorImpl.java:62)
	at sun.reflect.DelegatingConstructorAccessorImpl.newInstance(DelegatingConstructorAccessorImpl.java:45)
	at java.lang.reflect.Constructor.newInstance(Constructor.java:422)
	at org.openqa.selenium.remote.ErrorHandler.createThrowable(ErrorHandler.java:206)
	at org.openqa.selenium.remote.ErrorHandler.throwIfResponseFailed(ErrorHandler.java:158)
	at org.openqa.selenium.remote.RemoteWebDriver.execute(RemoteWebDriver.java:683)
	at org.openqa.selenium.remote.RemoteWebDriver.get(RemoteWebDriver.java:331)
	at qsp.Jen.login(Jen.java:18)
	at sun.reflect.NativeMethodAccessorImpl.invoke0(Native Method)
	at sun.reflect.NativeMethodAccessorImpl.invoke(NativeMethodAccessorImpl.java:62)
	at sun.reflect.DelegatingMethodAccessorImpl.invoke(DelegatingMethodAccessorImpl.java:43)
	at java.lang.reflect.Method.invoke(Method.java:497)
	at org.testng.internal.MethodInvocationHelper.invokeMethod(MethodInvocationHelper.java:85)
	at org.testng.internal.Invoker.invokeMethod(Invoker.java:639)
	at org.testng.internal.Invoker.invokeTestMethod(Invoker.java:816)
	at org.testng.internal.Invoker.invokeTestMethods(Invoker.java:1124)
	at org.testng.internal.TestMethodWorker.invokeTestMethods(TestMethodWorker.java:125)
	at org.testng.internal.TestMethodWorker.run(TestMethodWorker.java:108)
	at org.testng.TestRunner.privateRun(TestRunner.java:774)
	at org.testng.TestRunner.run(TestRunner.java:624)
	at org.testng.SuiteRunner.runTest(SuiteRunner.java:359)
	at org.testng.SuiteRunner.runSequentially(SuiteRunner.java:354)
	at org.testng.SuiteRunner.privateRun(SuiteRunner.java:312)
	at org.testng.SuiteRunner.run(SuiteRunner.java:261)
	at org.testng.SuiteRunnerWorker.runSuite(SuiteRunnerWorker.java:52)
	at org.testng.SuiteRunnerWorker.run(SuiteRunnerWorker.java:86)
	at org.testng.TestNG.runSuitesSequentially(TestNG.java:1215)
	at org.testng.TestNG.runSuitesLocally(TestNG.java:1140)
	at org.testng.TestNG.run(TestNG.java:1048)
	at org.testng.remote.AbstractRemoteTestNG.run(AbstractRemoteTestNG.java:126)
	at org.testng.remote.RemoteTestNG.initAndRun(RemoteTestNG.java:137)
	at org.testng.remote.RemoteTestNG.main(RemoteTestNG.java:58)
]]>
            </full-stacktrace>
          </exception> <!-- org.openqa.selenium.WebDriverException -->
          <reporter-output>
          </reporter-output>
        </test-method> <!-- login -->
      </class> <!-- qsp.Jen -->
    </test> <!-- Default test -->
  </suite> <!-- Default suite -->
</testng-results>
